
--------------------------------------------------
TXLib соболезнует...

Программа: C:\Users\user\Desktop\xt_m\game_rmkl\game_rmkl.exe, файл: C:\Users\user\Downloads\TX\TXLib.h, строка: 13313, функция: bool {anonymous}::TX::txClear(HDC),

Сообщение: Окно рисования не создано или не в порядке.
Если вы указали параметр "dc", то он неверен.

#1: TXLib [Ver: 00173a, Rev: 173, Date: 2024-06-23 22:37:05 +0400], Instance: 0x004F72FC (32-bit), Flags: CMdrE0, Thread: 0x1A8C (Main). 

--------------------------------------------------
Стек вызовов:



--------------------------------------------------
Developed with:

The Dumb Artist Library (TX Library)
TXLib [Ver: 00173a, Rev: 173, Date: 2024-06-23 22:37:05 +0400]
Copyright (C) Ded (Ilya Dedinsky, http://txlib.ru) <mail@txlib.ru>
See license on: http://txlib.ru

TXLib file:	C:\Users\user\Downloads\TX\TXLib.h
Compiled:	Apr  1 2025 18:05:05, GNU g++ 4.8.1, std=201103L, MinGW Runtime 3.20, 32-bit, Debug
Started:	Apr 01 2025 18:36:54

Run file:	C:\Users\user\Desktop\xt_m\game_rmkl\game_rmkl.exe
Directory:	C:\Users\user\Desktop\xt_m\game_rmkl

--------------------------------------------------

--------------------------------------------------
TXLib соболезнует...

Программа: C:\Users\user\Desktop\xt_m\game_rmkl\game_rmkl.exe, файл: C:\Users\user\Downloads\TX\TXLib.h, строка: 13313, функция: bool {anonymous}::TX::txClear(HDC),

Сообщение: Окно рисования не создано или не в порядке.
Если вы указали параметр "dc", то он неверен.

#1: TXLib [Ver: 00173a, Rev: 173, Date: 2024-06-23 22:37:05 +0400], Instance: 0x004F72FC (32-bit), Flags: CMdrE0, Thread: 0x1A3C (Main). 

--------------------------------------------------
Стек вызовов:



--------------------------------------------------
Developed with:

The Dumb Artist Library (TX Library)
TXLib [Ver: 00173a, Rev: 173, Date: 2024-06-23 22:37:05 +0400]
Copyright (C) Ded (Ilya Dedinsky, http://txlib.ru) <mail@txlib.ru>
See license on: http://txlib.ru

TXLib file:	C:\Users\user\Downloads\TX\TXLib.h
Compiled:	Apr  1 2025 18:05:05, GNU g++ 4.8.1, std=201103L, MinGW Runtime 3.20, 32-bit, Debug
Started:	Apr 22 2025 18:31:31

Run file:	C:\Users\user\Desktop\xt_m\game_rmkl\game_rmkl.exe
Directory:	C:\Users\user\Desktop\xt_m\game_rmkl

--------------------------------------------------

--------------------------------------------------
TXLib соболезнует...

Программа: C:\Users\user\Desktop\xt_m\game_rmkl\game_rmkl.exe, файл: C:\Users\user\Downloads\TX\TXLib.h, строка: 13313, функция: bool {anonymous}::TX::txClear(HDC),

Сообщение: Окно рисования не создано или не в порядке.
Если вы указали параметр "dc", то он неверен.

#1: TXLib [Ver: 00173a, Rev: 173, Date: 2024-06-23 22:37:05 +0400], Instance: 0x004F72FC (32-bit), Flags: CMdrE0, Thread: 0x1C70 (Main). 

--------------------------------------------------
Стек вызовов:



--------------------------------------------------
Developed with:

The Dumb Artist Library (TX Library)
TXLib [Ver: 00173a, Rev: 173, Date: 2024-06-23 22:37:05 +0400]
Copyright (C) Ded (Ilya Dedinsky, http://txlib.ru) <mail@txlib.ru>
See license on: http://txlib.ru

TXLib file:	C:\Users\user\Downloads\TX\TXLib.h
Compiled:	Apr  1 2025 18:05:05, GNU g++ 4.8.1, std=201103L, MinGW Runtime 3.20, 32-bit, Debug
Started:	Apr 22 2025 18:37:37

Run file:	C:\Users\user\Desktop\xt_m\game_rmkl\game_rmkl.exe
Directory:	C:\Users\user\Desktop\xt_m\game_rmkl

--------------------------------------------------

--------------------------------------------------
TXLib соболезнует...

Программа: C:\Users\user\Desktop\xt_m\game_rmkl\game_rmkl.exe, файл: C:\Users\user\Downloads\TX\TXLib.h, строка: 13313, функция: bool {anonymous}::TX::txClear(HDC),

Сообщение: Окно рисования не создано или не в порядке.
Если вы указали параметр "dc", то он неверен.

#1: TXLib [Ver: 00173a, Rev: 173, Date: 2024-06-23 22:37:05 +0400], Instance: 0x004FA2FC (32-bit), Flags: CMdrE0, Thread: 0x1328 (Main). 

--------------------------------------------------
Стек вызовов:



--------------------------------------------------
Developed with:

The Dumb Artist Library (TX Library)
TXLib [Ver: 00173a, Rev: 173, Date: 2024-06-23 22:37:05 +0400]
Copyright (C) Ded (Ilya Dedinsky, http://txlib.ru) <mail@txlib.ru>
See license on: http://txlib.ru

TXLib file:	C:\Users\user\Downloads\TX\TXLib.h
Compiled:	Apr 17 2025 19:01:09, GNU g++ 4.8.1, std=201103L, MinGW Runtime 3.20, 32-bit, Debug
Started:	Apr 22 2025 18:39:01

Run file:	C:\Users\user\Desktop\xt_m\game_rmkl\game_rmkl.exe
Directory:	C:\Users\user\Desktop\xt_m\game_rmkl

--------------------------------------------------
